<?xml version="1.0" encoding="UTF-8"?>
<!-- Generated by org.testng.reporters.JUnitReportReporter -->
<testsuite hostname="ASISH" failures="0" tests="1" name="in.reqres.test.Script001GetUsers" time="2.681" errors="0" timestamp="2023-11-09T15:13:09 IST" skipped="0">
  <testcase classname="in.reqres.test.Script001GetUsers" name="getUsers" time="2.681"/>
  <system-out/>
</testsuite> <!-- in.reqres.test.Script001GetUsers -->
