<?xml version="1.0" encoding="UTF-8"?>
<!-- Generated by org.testng.reporters.JUnitReportReporter -->
<testsuite hostname="ASISH" failures="0" tests="1" name="in.reqres.test.Script002GetUsers" time="0.878" errors="0" timestamp="2023-11-09T15:47:05 IST" skipped="0">
  <testcase classname="in.reqres.test.Script002GetUsers" name="getUsers" time="0.878"/>
  <system-out/>
</testsuite> <!-- in.reqres.test.Script002GetUsers -->
