<?xml version="1.0" encoding="UTF-8"?>
<!-- Generated by org.testng.reporters.JUnitReportReporter -->
<testsuite hostname="ASISH" failures="0" tests="1" name="in.reqres.test.Script001RegisterUser" time="3.237" errors="0" timestamp="2023-11-09T15:47:05 IST" skipped="0">
  <testcase classname="in.reqres.test.Script001RegisterUser" name="registerUser" time="3.237"/>
  <system-out/>
</testsuite> <!-- in.reqres.test.Script001RegisterUser -->
